0 info it worked if it ends with ok
1 verbose cli [ 'node', '/usr/local/bin/npm', 'publish', './' ]
2 info using npm@1.4.14
3 info using node@v0.10.29
4 verbose publish [ './' ]
5 verbose cache add [ './', null ]
6 verbose cache add name=undefined spec="./" args=["./",null]
7 verbose parsed url { protocol: null,
7 verbose parsed url   slashes: null,
7 verbose parsed url   auth: null,
7 verbose parsed url   host: null,
7 verbose parsed url   port: null,
7 verbose parsed url   hostname: null,
7 verbose parsed url   hash: null,
7 verbose parsed url   search: null,
7 verbose parsed url   query: null,
7 verbose parsed url   pathname: './',
7 verbose parsed url   path: './',
7 verbose parsed url   href: './' }
8 silly lockFile 0ee6c175- ./
9 verbose lock ./ /Users/rauljordan/.npm/0ee6c175-.lock
10 verbose tar pack [ '/Users/rauljordan/.npm/zeta/1.0.0/package.tgz', './' ]
11 verbose tarball /Users/rauljordan/.npm/zeta/1.0.0/package.tgz
12 verbose folder ./
13 info prepublish zeta@1.0.0
14 silly lockFile 04cb2bca-tar tar://./
15 verbose lock tar://./ /Users/rauljordan/.npm/04cb2bca-tar.lock
16 silly lockFile 1fe36d82-ordan-npm-zeta-1-0-0-package-tgz tar:///Users/rauljordan/.npm/zeta/1.0.0/package.tgz
17 verbose lock tar:///Users/rauljordan/.npm/zeta/1.0.0/package.tgz /Users/rauljordan/.npm/1fe36d82-ordan-npm-zeta-1-0-0-package-tgz.lock
18 silly lockFile 04cb2bca-tar tar://./
19 silly lockFile 04cb2bca-tar tar://./
20 silly lockFile 1fe36d82-ordan-npm-zeta-1-0-0-package-tgz tar:///Users/rauljordan/.npm/zeta/1.0.0/package.tgz
21 silly lockFile 1fe36d82-ordan-npm-zeta-1-0-0-package-tgz tar:///Users/rauljordan/.npm/zeta/1.0.0/package.tgz
22 silly lockFile a0108358-auljordan-npm-zeta-1-0-0-package /Users/rauljordan/.npm/zeta/1.0.0/package
23 verbose lock /Users/rauljordan/.npm/zeta/1.0.0/package /Users/rauljordan/.npm/a0108358-auljordan-npm-zeta-1-0-0-package.lock
24 silly lockFile a0108358-auljordan-npm-zeta-1-0-0-package /Users/rauljordan/.npm/zeta/1.0.0/package
25 silly lockFile a0108358-auljordan-npm-zeta-1-0-0-package /Users/rauljordan/.npm/zeta/1.0.0/package
26 silly lockFile 0ee6c175- ./
27 silly lockFile 0ee6c175- ./
28 silly publish { name: 'zeta',
28 silly publish   version: '1.0.0',
28 silly publish   description: 'the Riemann Zeta Function in Javascript',
28 silly publish   main: 'index.js',
28 silly publish   devDependencies: { tap: '~0.3.0', tape: '~0.1.1' },
28 silly publish   scripts: { test: 'tap test/*.js' },
28 silly publish   testling:
28 silly publish    { files: 'test/*.js',
28 silly publish      browsers:
28 silly publish       { iexplore: [Object],
28 silly publish         chrome: [Object],
28 silly publish         firefox: [Object],
28 silly publish         safari: [Object],
28 silly publish         opera: [Object] } },
28 silly publish   repository: { type: 'git', url: 'http://github.com/rauljordan/zeta.js.git' },
28 silly publish   keywords: [ 'zeta', 'mathematics' ],
28 silly publish   author:
28 silly publish    { name: 'Raul Jordan',
28 silly publish      email: 'raulitojordan@gmail.com',
28 silly publish      url: 'http://www.rauljordan.com' },
28 silly publish   license: 'MIT',
28 silly publish   readme: '# zeta\n\n[Riemann Zeta Function](http://en.wikipedia.org/wiki/Riemann_zeta_function)\nin javascript with a 1.3% accuracy error\n\n\n[![browser support](http://ci.testling.com/rauljordan/zeta.js.png)](http://ci.testling.com/rauljordan/zeta.js)\n\n[![Build Status](https://travis-ci.org/rauljordan/zeta.js.svg?branch=master)](https://travis-ci.org/rauljordan/zeta.js)\n\n# example\n\n```\n> var zeta = require(\'zeta\')\n> zeta(0)\n-0.5\n> zeta(10)\n1.00071\n```\n\n# methods\n\nvar zeta = require(\'zeta\')\n\n## zeta(s)\n\nReturn the riemann zeta function over `s`.\n\n\n# install\n\nWith [npm](http://npmjs.org) do:\n\n```\nnpm install zeta\n```\n\n\n# license\n\nMIT\n=======\n\n# credits\nThe approximation follows from the Euler-Maclaurin sum formula (Ralston and Rabinowitz, 2001 by not considering the impact of Bernoulli numbers on the \ncalculation and taking the case when the lower limit of integration\nis specifically 2. Then, the approximation follows and works well enough\nfor modern browsers and mathematical applications.\n\n\n',
28 silly publish   readmeFilename: 'README.md',
28 silly publish   gitHead: 'efda3041a453b67e0bf8f9e83c0c9fbfa9a19a66',
28 silly publish   bugs: { url: 'https://github.com/rauljordan/zeta.js/issues' },
28 silly publish   homepage: 'https://github.com/rauljordan/zeta.js',
28 silly publish   _id: 'zeta@1.0.0',
28 silly publish   _shasum: '578f37284c8871cfe7d9dc2b038168d294b70f74',
28 silly publish   _from: './' }
29 verbose url raw zeta
30 verbose url resolving [ 'https://registry.npmjs.org/', './zeta' ]
31 verbose url resolved https://registry.npmjs.org/zeta
32 info trying registry request attempt 1 at 00:00:00
33 http PUT https://registry.npmjs.org/zeta
34 http 403 https://registry.npmjs.org/zeta
35 verbose headers { date: 'Sat, 27 Dec 2014 06:00:01 GMT',
35 verbose headers   server: 'CouchDB/1.5.0 (Erlang OTP/R16B03)',
35 verbose headers   'content-type': 'application/json',
35 verbose headers   'cache-control': 'max-age=60',
35 verbose headers   'content-length': '2670',
35 verbose headers   'accept-ranges': 'bytes',
35 verbose headers   via: '1.1 varnish',
35 verbose headers   'x-served-by': 'cache-atl6220-ATL',
35 verbose headers   'x-cache': 'MISS',
35 verbose headers   'x-cache-hits': '0',
35 verbose headers   'x-timer': 'S1419660001.007089,VS0,VE301',
35 verbose headers   'keep-alive': 'timeout=10, max=50',
35 verbose headers   connection: 'Keep-Alive' }
36 error publish Failed PUT 403
37 error Error: forbidden user: rauljordan not authorized to modify zeta
37 error Changed: time.modified "2014-12-15T03:42:13.793Z" -> "2014-12-27T06:01:54.568Z"
37 error Added: time.1.0.0
37 error Changed: dist-tags.latest "0.2.0" -> "1.0.0"
37 error Changed: description "Write node web app in an angular and unexpress way" -> "the Riemann Zeta Function in Javascript"
37 error Changed: readme "Zeta\u000a========\u000a\u000a## Version 0.2.0 is Finished!\u000a\u000a```shell\u000a\u000anpm install zeta\u000a\u000a```\u000a\u000aNext, I will work on __test & benchmarking & documentation__.  This framework gonna be the Best node web Framework.\u000a" -> "# zeta\u000a\u000a[Riemann Zeta Function](http://en.wikipedia.org/wiki/Riemann_zeta_function)\u000ain javascript with a 1.3% accuracy error\u000a\u000a\u000a[![browser support](http://ci.testling.com/rauljordan/zeta.js.png)](http://ci.testling.com/rauljordan/zeta.js)\u000a\u000a[![Build Status](https://travis-ci.org/rauljordan/zeta.js.svg?branch=master)](https://travis-ci.org/rauljordan/zeta.js)\u000a\u000a# example\u000a\u000a```\u000a> var zeta = require('zeta')\u000a> zeta(0)\u000a-0.5\u000a> zeta(10)\u000a1.00071\u000a```\u000a\u000a# methods\u000a\u000avar zeta = require('zeta')\u000a\u000a## zeta(s)\u000a\u000aReturn the riemann zeta function over `s`.\u000a\u000a\u000a# install\u000a\u000aWith [npm](http://npmjs.org) do:\u000a\u000a```\u000anpm install zeta\u000a```\u000a\u000a\u000a# license\u000a\u000aMIT\u000a=======\u000a\u000a# credits\u000aThe approximation follows from the Euler-Maclaurin sum formula (Ralston and Rabinowitz, 2001 by not considering the impact of Bernoulli numbers on the \u000acalculation and taking the case when the lower limit of integration\u000ais specifically 2. Then, the approximation follows and works well enough\u000afor modern browsers and mathematical applications.\u000a\u000a\u000a"
37 error Added: versions.1.0.0
37 error Changed: homepage "https://github.com/BenBBear/Zeta" -> "https://github.com/rauljordan/zeta.js"
37 error Changed: keywords.0 "web" -> "zeta"
37 error Changed: keywords.1 "http" -> "mathematics"
37 error Deleted: keywords.2
37 error Deleted: keywords.3
37 error Deleted: keywords.4
37 error Deleted: keywords.5
37 error Deleted: keywords.6
37 error Changed: repository.url "https://github.com/BenBBear/Zeta" -> "http://github.com/rauljordan/zeta.js.git"
37 error Changed: author.name "Xinyu Zhang" -> "Raul Jordan"
37 error Changed: author.email "beviszhang1993@gmail.com" -> "raulitojordan@gmail.com"
37 error Added: author.url
37 error Changed: bugs.url "https://github.com/BenBBear/Zeta/issues" -> "https://github.com/rauljordan/zeta.js/issues"
37 error Added: _attachments: zeta
37 error     at RegClient.<anonymous> (/usr/local/lib/node_modules/npm/node_modules/npm-registry-client/lib/request.js:274:14)
37 error     at Request._callback (/usr/local/lib/node_modules/npm/node_modules/npm-registry-client/lib/request.js:212:65)
37 error     at Request.self.callback (/usr/local/lib/node_modules/npm/node_modules/request/request.js:123:22)
37 error     at Request.emit (events.js:98:17)
37 error     at Request.<anonymous> (/usr/local/lib/node_modules/npm/node_modules/request/request.js:893:14)
37 error     at Request.emit (events.js:117:20)
37 error     at IncomingMessage.<anonymous> (/usr/local/lib/node_modules/npm/node_modules/request/request.js:844:12)
37 error     at IncomingMessage.emit (events.js:117:20)
37 error     at _stream_readable.js:929:16
37 error     at process._tickCallback (node.js:419:13)
38 error If you need help, you may report this *entire* log,
38 error including the npm and node versions, at:
38 error     <http://github.com/npm/npm/issues>
39 error System Darwin 14.0.0
40 error command "node" "/usr/local/bin/npm" "publish" "./"
41 error cwd /Users/rauljordan/Desktop/Code/JavaScript/zeta.js
42 error node -v v0.10.29
43 error npm -v 1.4.14
44 verbose exit [ 1, true ]
